*                 NEW SCRIPT EXECUTION                *
*******************************************************
Execution started at: 2024-10-31 19:40:53
*******************************************************
2024-10-31 19:40:53,569 - DEBUG - This is a debug message for testing.
2024-10-31 19:40:53,569 - INFO - Starting main script
2024-10-31 19:40:53,570 - DEBUG - Deleted all screenshots in screenshots
2024-10-31 19:40:53,570 - DEBUG - Setting up Chrome driver with headless options
2024-10-31 19:40:54,448 - INFO - Chrome driver setup complete
2024-10-31 19:40:54,485 - DEBUG - Installed Google Chrome version: Google Chrome 127.0.6533.119
2024-10-31 19:40:54,485 - DEBUG - Installed ChromeDriver version: ChromeDriver 114.0.5735.90 (386bc09e8f4f2e025eddae123f36f6263096ae49-refs/branch-heads/5735@{#1052})
2024-10-31 19:40:55,307 - DEBUG - Navigating to https://identity.hcssapps.com/
2024-10-31 19:40:55,379 - INFO - Successfully navigated to https://identity.hcssapps.com/.
2024-10-31 19:40:55,381 - DEBUG - Entering login function
2024-10-31 19:40:55,381 - INFO - Attempting to log in
2024-10-31 19:40:55,381 - INFO - Inspecting username field
2024-10-31 19:40:55,381 - DEBUG - Called function: inspect with args: (<selenium.webdriver.chrome.webdriver.WebDriver (session="3c2241bb4e4f1b37c13eeaed1f30569f")>, ('css selector', 'input[name="username"]'), 'Username field') and kwargs: {}
2024-10-31 19:40:55,632 - DEBUG - Attempting to find element for Username field using locator: ('css selector', 'input[name="username"]')
2024-10-31 19:40:55,703 - DEBUG - Inspecting Username field: Tag=input, Displayed=False, Enabled=True
2024-10-31 19:40:55,703 - WARNING - Username field is not visible.
2024-10-31 19:40:55,704 - DEBUG - Retrying...
2024-10-31 19:40:55,955 - DEBUG - Attempting to find element for Username field using locator: ('css selector', 'input[name="username"]')
2024-10-31 19:40:55,985 - DEBUG - Inspecting Username field: Tag=input, Displayed=True, Enabled=True
2024-10-31 19:40:55,986 - DEBUG - Entering username
2024-10-31 19:40:56,098 - DEBUG - Username entered successfully. Time taken: 0.11 seconds
2024-10-31 19:40:56,098 - DEBUG - Clicking Next button
2024-10-31 19:40:56,098 - DEBUG - Called function: inspect with args: (<selenium.webdriver.chrome.webdriver.WebDriver (session="3c2241bb4e4f1b37c13eeaed1f30569f")>, ('css selector', 'button.login-button[type="submit"]'), 'Next button') and kwargs: {}
2024-10-31 19:40:56,349 - DEBUG - Attempting to find element for Next button using locator: ('css selector', 'button.login-button[type="submit"]')
2024-10-31 19:40:56,379 - DEBUG - Inspecting Next button: Tag=button, Displayed=True, Enabled=True
2024-10-31 19:40:56,416 - DEBUG - Successfully clicked Next button
2024-10-31 19:40:56,416 - DEBUG - Inspecting password field
2024-10-31 19:40:56,416 - DEBUG - Called function: inspect with args: (<selenium.webdriver.chrome.webdriver.WebDriver (session="3c2241bb4e4f1b37c13eeaed1f30569f")>, ('css selector', 'input[name="password"]'), 'Password field') and kwargs: {}
2024-10-31 19:40:56,667 - DEBUG - Attempting to find element for Password field using locator: ('css selector', 'input[name="password"]')
2024-10-31 19:40:56,701 - DEBUG - Inspecting Password field: Tag=input, Displayed=True, Enabled=True
2024-10-31 19:40:56,701 - DEBUG - Entering password
2024-10-31 19:40:56,769 - DEBUG - Password entered successfully. Time taken: 0.07 seconds
2024-10-31 19:40:56,769 - DEBUG - Clicking Login button
2024-10-31 19:40:56,769 - DEBUG - Called function: inspect with args: (<selenium.webdriver.chrome.webdriver.WebDriver (session="3c2241bb4e4f1b37c13eeaed1f30569f")>, ('css selector', 'button[type="submit"]'), 'Login button') and kwargs: {}
2024-10-31 19:40:57,019 - DEBUG - Attempting to find element for Login button using locator: ('css selector', 'button[type="submit"]')
2024-10-31 19:40:57,060 - DEBUG - Inspecting Login button: Tag=button, Displayed=True, Enabled=True
2024-10-31 19:40:58,154 - DEBUG - Successfully clicked Login button
2024-10-31 19:40:58,172 - INFO - Login successful
2024-10-31 19:40:58,173 - DEBUG - Exiting login function
2024-10-31 19:41:01,880 - DEBUG - Navigating to https://safety.hcssapps.com/Home/Dashboard
2024-10-31 19:41:01,920 - INFO - Successfully navigated to https://safety.hcssapps.com/Home/Dashboard.
2024-10-31 19:41:02,598 - DEBUG - Navigating to https://safety.hcssapps.com/Inspection/Inspection
2024-10-31 19:41:02,646 - INFO - Successfully navigated to https://safety.hcssapps.com/Inspection/Inspection.
2024-10-31 19:41:02,647 - DEBUG - Called function: get_export with args: (<selenium.webdriver.chrome.webdriver.WebDriver (session="3c2241bb4e4f1b37c13eeaed1f30569f")>, 'inspection_summary') and kwargs: {}
2024-10-31 19:41:02,647 - INFO - Performing inspection_summary export.
2024-10-31 19:41:02,647 - DEBUG - Called function: apply_date_filter with args: (<selenium.webdriver.chrome.webdriver.WebDriver (session="3c2241bb4e4f1b37c13eeaed1f30569f")>, {'url': ('css selector', 'https://safety.hcssapps.com/Inspection/Inspection'), 'date_field': ('css selector', '#dateRangeSelect'), 'custom_option': ('css selector', 'option[value="Custom"]'), 'start_date': ('css selector', '#filterdatebeginput'), 'end_date': ('css selector', '#filterdateendinput'), 'apply_button': ('css selector', '#applyButton'), 'loader': ('css selector', '#loading'), 'first_export': ('css selector', '.dropdown'), 'second_export': ('css selector', '#btnSummaryExport'), 'selection': ('css selector', '#createSummaryExcel'), 'select_all': ('css selector', '#divSelectAll')}) and kwargs: {}
2024-10-31 19:41:02,647 - DEBUG - Called function: inspect with args: (<selenium.webdriver.chrome.webdriver.WebDriver (session="3c2241bb4e4f1b37c13eeaed1f30569f")>, ('css selector', '#dateRangeSelect'), 'date range dropdown') and kwargs: {}
2024-10-31 19:41:02,897 - DEBUG - Attempting to find element for date range dropdown using locator: ('css selector', '#dateRangeSelect')
2024-10-31 19:41:02,932 - DEBUG - Inspecting date range dropdown: Tag=select, Displayed=True, Enabled=True
2024-10-31 19:41:02,972 - DEBUG - Successfully clicked date range dropdown
2024-10-31 19:41:02,973 - DEBUG - Date range dropdown clicked.
2024-10-31 19:41:02,973 - DEBUG - Called function: inspect with args: (<selenium.webdriver.chrome.webdriver.WebDriver (session="3c2241bb4e4f1b37c13eeaed1f30569f")>, ('css selector', 'option[value="Custom"]'), 'Custom date option') and kwargs: {}
2024-10-31 19:41:03,223 - DEBUG - Attempting to find element for Custom date option using locator: ('css selector', 'option[value="Custom"]')
2024-10-31 19:41:03,328 - DEBUG - Inspecting Custom date option: Tag=option, Displayed=True, Enabled=True
2024-10-31 19:41:03,367 - DEBUG - Successfully clicked Custom date option
2024-10-31 19:41:03,367 - DEBUG - Selected 'Custom' date range.
2024-10-31 19:41:03,499 - DEBUG - Start date set to: 10/30/2024
2024-10-31 19:41:03,599 - DEBUG - End date set to: 10/31/2024
2024-10-31 19:41:03,599 - DEBUG - Called function: inspect with args: (<selenium.webdriver.chrome.webdriver.WebDriver (session="3c2241bb4e4f1b37c13eeaed1f30569f")>, ('css selector', '#applyButton'), 'filter button') and kwargs: {}
2024-10-31 19:41:03,850 - DEBUG - Attempting to find element for filter button using locator: ('css selector', '#applyButton')
2024-10-31 19:41:03,881 - DEBUG - Inspecting filter button: Tag=button, Displayed=True, Enabled=True
2024-10-31 19:41:03,921 - DEBUG - Successfully clicked filter button
2024-10-31 19:41:03,921 - INFO - Date filter applied successfully.
2024-10-31 19:41:14,199 - WARNING - Timeout waiting for loader to disappear.
2024-10-31 19:41:14,199 - DEBUG - Called function: export_data with args: (<selenium.webdriver.chrome.webdriver.WebDriver (session="3c2241bb4e4f1b37c13eeaed1f30569f")>, {'url': ('css selector', 'https://safety.hcssapps.com/Inspection/Inspection'), 'date_field': ('css selector', '#dateRangeSelect'), 'custom_option': ('css selector', 'option[value="Custom"]'), 'start_date': ('css selector', '#filterdatebeginput'), 'end_date': ('css selector', '#filterdateendinput'), 'apply_button': ('css selector', '#applyButton'), 'loader': ('css selector', '#loading'), 'first_export': ('css selector', '.dropdown'), 'second_export': ('css selector', '#btnSummaryExport'), 'selection': ('css selector', '#createSummaryExcel'), 'select_all': ('css selector', '#divSelectAll')}) and kwargs: {}
2024-10-31 19:41:14,200 - DEBUG - Exporting data for {'url': ('css selector', 'https://safety.hcssapps.com/Inspection/Inspection'), 'date_field': ('css selector', '#dateRangeSelect'), 'custom_option': ('css selector', 'option[value="Custom"]'), 'start_date': ('css selector', '#filterdatebeginput'), 'end_date': ('css selector', '#filterdateendinput'), 'apply_button': ('css selector', '#applyButton'), 'loader': ('css selector', '#loading'), 'first_export': ('css selector', '.dropdown'), 'second_export': ('css selector', '#btnSummaryExport'), 'selection': ('css selector', '#createSummaryExcel'), 'select_all': ('css selector', '#divSelectAll')}
2024-10-31 19:41:14,200 - DEBUG - Clicking first export button to select export type.
2024-10-31 19:41:14,200 - DEBUG - Called function: handle_error with args: (<selenium.webdriver.chrome.webdriver.WebDriver (session="3c2241bb4e4f1b37c13eeaed1f30569f")>, 'main_script', KeyError('export_buttons'), 'An unexpected error occurred') and kwargs: {}
2024-10-31 19:41:14,200 - ERROR - An unexpected error occurred Error in main_script: 'export_buttons'
2024-10-31 19:41:14,207 - DEBUG - Current URL: https://safety.hcssapps.com/Inspection/Inspection
2024-10-31 19:41:14,320 - INFO - Screenshot taken: screenshots/001_error_screenshot_20241031_194114.png

*******************************************************
*                 NEW SCRIPT EXECUTION                *
*******************************************************
Execution started at: 2024-10-31 20:08:36
*******************************************************
2024-10-31 20:08:36,500 - DEBUG - This is a debug message for testing.
2024-10-31 20:08:36,500 - INFO - Starting main script
2024-10-31 20:08:36,500 - DEBUG - Deleted all screenshots in screenshots
2024-10-31 20:08:36,501 - DEBUG - Setting up Chrome driver with headless options
2024-10-31 20:08:37,283 - DEBUG - Chrome driver setup complete
2024-10-31 20:08:37,328 - DEBUG - Installed Google Chrome version: Google Chrome 127.0.6533.119
2024-10-31 20:08:37,328 - DEBUG - Installed ChromeDriver version: ChromeDriver 114.0.5735.90 (386bc09e8f4f2e025eddae123f36f6263096ae49-refs/branch-heads/5735@{#1052})
2024-10-31 20:08:38,125 - DEBUG - Navigating to https://identity.hcssapps.com/
2024-10-31 20:08:38,131 - INFO - Successfully navigated to https://identity.hcssapps.com/.
2024-10-31 20:08:38,131 - DEBUG - Entering login function
2024-10-31 20:08:38,131 - INFO - Attempting to log in
2024-10-31 20:08:38,131 - DEBUG - Inspecting username field
2024-10-31 20:08:38,131 - DEBUG - Called function: inspect with args: (<selenium.webdriver.chrome.webdriver.WebDriver (session="d10a8c9c90075c7d0b2ab84ec1c2e22b")>, ('css selector', 'input[name="username"]'), 'Username field') and kwargs: {}
2024-10-31 20:08:38,382 - DEBUG - Attempting to find element for Username field using locator: ('css selector', 'input[name="username"]')
2024-10-31 20:08:38,462 - DEBUG - Inspecting Username field: Tag=input, Displayed=False, Enabled=True
2024-10-31 20:08:38,462 - WARNING - Username field is not visible.
2024-10-31 20:08:38,462 - DEBUG - Retrying...
2024-10-31 20:08:38,713 - DEBUG - Attempting to find element for Username field using locator: ('css selector', 'input[name="username"]')
2024-10-31 20:08:38,747 - DEBUG - Inspecting Username field: Tag=input, Displayed=True, Enabled=True
2024-10-31 20:08:38,747 - DEBUG - Entering username
2024-10-31 20:08:38,836 - INFO - Username entered successfully. Time taken: 0.09 seconds
2024-10-31 20:08:38,837 - DEBUG - Clicking Next button
2024-10-31 20:08:38,837 - DEBUG - Called function: inspect with args: (<selenium.webdriver.chrome.webdriver.WebDriver (session="d10a8c9c90075c7d0b2ab84ec1c2e22b")>, ('css selector', 'button.login-button[type="submit"]'), 'Next button') and kwargs: {}
2024-10-31 20:08:39,088 - DEBUG - Attempting to find element for Next button using locator: ('css selector', 'button.login-button[type="submit"]')
2024-10-31 20:08:39,117 - DEBUG - Inspecting Next button: Tag=button, Displayed=True, Enabled=True
2024-10-31 20:08:39,155 - DEBUG - Successfully clicked Next button
2024-10-31 20:08:39,155 - DEBUG - Inspecting password field
2024-10-31 20:08:39,155 - DEBUG - Called function: inspect with args: (<selenium.webdriver.chrome.webdriver.WebDriver (session="d10a8c9c90075c7d0b2ab84ec1c2e22b")>, ('css selector', 'input[name="password"]'), 'Password field') and kwargs: {}
2024-10-31 20:08:39,405 - DEBUG - Attempting to find element for Password field using locator: ('css selector', 'input[name="password"]')
2024-10-31 20:08:39,436 - DEBUG - Inspecting Password field: Tag=input, Displayed=True, Enabled=True
2024-10-31 20:08:39,436 - DEBUG - Entering password
2024-10-31 20:08:39,486 - INFO - Password entered successfully. Time taken: 0.05 seconds
2024-10-31 20:08:39,486 - DEBUG - Clicking Login button
2024-10-31 20:08:39,486 - DEBUG - Called function: inspect with args: (<selenium.webdriver.chrome.webdriver.WebDriver (session="d10a8c9c90075c7d0b2ab84ec1c2e22b")>, ('css selector', 'button[type="submit"]'), 'Login button') and kwargs: {}
2024-10-31 20:08:39,737 - DEBUG - Attempting to find element for Login button using locator: ('css selector', 'button[type="submit"]')
2024-10-31 20:08:39,773 - DEBUG - Inspecting Login button: Tag=button, Displayed=True, Enabled=True
2024-10-31 20:08:39,985 - DEBUG - Successfully clicked Login button
2024-10-31 20:08:40,956 - INFO - Login successful
2024-10-31 20:08:40,956 - DEBUG - Exiting login function
2024-10-31 20:08:41,160 - DEBUG - Navigating to https://safety.hcssapps.com/Home/Dashboard
2024-10-31 20:08:42,735 - INFO - Successfully navigated to https://safety.hcssapps.com/Home/Dashboard.
2024-10-31 20:08:43,391 - DEBUG - Navigating to https://safety.hcssapps.com/Inspection/Inspection
2024-10-31 20:08:43,410 - INFO - Successfully navigated to https://safety.hcssapps.com/Inspection/Inspection.
2024-10-31 20:08:43,410 - DEBUG - Called function: get_export with args: (<selenium.webdriver.chrome.webdriver.WebDriver (session="d10a8c9c90075c7d0b2ab84ec1c2e22b")>, 'inspection_summary') and kwargs: {}
2024-10-31 20:08:43,410 - INFO - Performing inspection_summary export.
2024-10-31 20:08:43,411 - DEBUG - Called function: apply_date_filter with args: (<selenium.webdriver.chrome.webdriver.WebDriver (session="d10a8c9c90075c7d0b2ab84ec1c2e22b")>, {'url': ('css selector', 'https://safety.hcssapps.com/Inspection/Inspection'), 'date_field': ('css selector', '#dateRangeSelect'), 'custom_option': ('css selector', 'option[value="Custom"]'), 'start_date': ('css selector', '#filterdatebeginput'), 'end_date': ('css selector', '#filterdateendinput'), 'apply_button': ('css selector', '#applyButton'), 'loader': ('css selector', '#loading'), 'first_export': ('css selector', '.dropdown'), 'second_export': ('css selector', '#btnSummaryExport'), 'selection': ('css selector', '#createSummaryExcel'), 'select_all': ('css selector', '#divSelectAll')}) and kwargs: {}
2024-10-31 20:08:43,411 - DEBUG - Called function: inspect with args: (<selenium.webdriver.chrome.webdriver.WebDriver (session="d10a8c9c90075c7d0b2ab84ec1c2e22b")>, ('css selector', '#dateRangeSelect'), 'date range dropdown') and kwargs: {}
2024-10-31 20:08:43,661 - DEBUG - Attempting to find element for date range dropdown using locator: ('css selector', '#dateRangeSelect')
2024-10-31 20:08:43,693 - DEBUG - Inspecting date range dropdown: Tag=select, Displayed=True, Enabled=True
2024-10-31 20:08:44,787 - ERROR - Error clicking date range dropdown: Message: element click intercepted: Element <select id="dateRangeSelect">...</select> is not clickable at point (356, 175). Other element would receive the click: <div class="pendo-backdrop-region-right _pendo-backdrop" pendo-region="right" id="pendo-backdrop-3" style="inset: 0px; z-index: 200000; position: fixed; background-color: rgba(255, 255, 255, 0.75); opacity: 1; float: none; vertical-align: baseline; display: block;"></div>
  (Session info: chrome-headless-shell=127.0.6533.119)
Stacktrace:
#0 0x62bc691526ca <unknown>
#1 0x62bc68e23600 <unknown>
#2 0x62bc68e798e6 <unknown>
#3 0x62bc68e777f6 <unknown>
#4 0x62bc68e75277 <unknown>
#5 0x62bc68e7411c <unknown>
#6 0x62bc68e67be6 <unknown>
#7 0x62bc68e958a2 <unknown>
#8 0x62bc68e67599 <unknown>
#9 0x62bc68e95a6e <unknown>
#10 0x62bc68eb404a <unknown>
#11 0x62bc68e95643 <unknown>
#12 0x62bc68e65d31 <unknown>
#13 0x62bc68e6679e <unknown>
#14 0x62bc6911a25b <unknown>
#15 0x62bc6911e1f2 <unknown>
#16 0x62bc69107615 <unknown>
#17 0x62bc6911ed82 <unknown>
#18 0x62bc690ec25f <unknown>
#19 0x62bc69141e68 <unknown>
#20 0x62bc69142040 <unknown>
#21 0x62bc6915149c <unknown>
#22 0x7b5a1abd6609 start_thread


*******************************************************
*                 NEW SCRIPT EXECUTION                *
*******************************************************
Execution started at: 2024-10-31 20:35:20
*******************************************************
2024-10-31 20:35:20,734 - DEBUG - This is a debug message for testing.
2024-10-31 20:35:20,734 - INFO - Starting main script
2024-10-31 20:35:20,734 - DEBUG - Deleted all screenshots in screenshots
2024-10-31 20:35:21,440 - DEBUG - Navigating to https://identity.hcssapps.com/
2024-10-31 20:35:21,456 - INFO - Successfully navigated to https://identity.hcssapps.com/.
2024-10-31 20:35:21,457 - DEBUG - Entering login function
2024-10-31 20:35:21,457 - INFO - Attempting to log in
2024-10-31 20:35:21,457 - DEBUG - Inspecting username field
2024-10-31 20:35:21,457 - DEBUG - Called function: inspect with args: (<selenium.webdriver.chrome.webdriver.WebDriver (session="46cbed53d5afe2926da33721fe27ba60")>, ('css selector', 'input[name="username"]'), 'Username field') and kwargs: {}
2024-10-31 20:35:21,708 - DEBUG - Attempting to find element for Username field using locator: ('css selector', 'input[name="username"]')
2024-10-31 20:35:21,767 - DEBUG - Inspecting Username field: Tag=input, Displayed=False, Enabled=True
2024-10-31 20:35:21,767 - WARNING - Username field is not visible.
2024-10-31 20:35:21,767 - DEBUG - Retrying...
2024-10-31 20:35:22,018 - DEBUG - Attempting to find element for Username field using locator: ('css selector', 'input[name="username"]')
2024-10-31 20:35:22,050 - DEBUG - Inspecting Username field: Tag=input, Displayed=True, Enabled=True
2024-10-31 20:35:22,050 - DEBUG - Entering username
2024-10-31 20:35:22,162 - INFO - Username entered successfully. Time taken: 0.11 seconds
2024-10-31 20:35:22,162 - DEBUG - Clicking Next button
2024-10-31 20:35:22,162 - DEBUG - Called function: inspect with args: (<selenium.webdriver.chrome.webdriver.WebDriver (session="46cbed53d5afe2926da33721fe27ba60")>, ('css selector', 'button.login-button[type="submit"]'), 'Next button') and kwargs: {}
2024-10-31 20:35:22,412 - DEBUG - Attempting to find element for Next button using locator: ('css selector', 'button.login-button[type="submit"]')
2024-10-31 20:35:22,448 - DEBUG - Inspecting Next button: Tag=button, Displayed=True, Enabled=True
2024-10-31 20:35:22,486 - DEBUG - Successfully clicked Next button
2024-10-31 20:35:22,486 - DEBUG - Inspecting password field
2024-10-31 20:35:22,486 - DEBUG - Called function: inspect with args: (<selenium.webdriver.chrome.webdriver.WebDriver (session="46cbed53d5afe2926da33721fe27ba60")>, ('css selector', 'input[name="password"]'), 'Password field') and kwargs: {}
2024-10-31 20:35:22,737 - DEBUG - Attempting to find element for Password field using locator: ('css selector', 'input[name="password"]')
2024-10-31 20:35:22,774 - DEBUG - Inspecting Password field: Tag=input, Displayed=True, Enabled=True
2024-10-31 20:35:22,774 - DEBUG - Entering password
2024-10-31 20:35:22,829 - INFO - Password entered successfully. Time taken: 0.05 seconds
2024-10-31 20:35:22,829 - DEBUG - Clicking Login button
2024-10-31 20:35:22,829 - DEBUG - Called function: inspect with args: (<selenium.webdriver.chrome.webdriver.WebDriver (session="46cbed53d5afe2926da33721fe27ba60")>, ('css selector', 'button[type="submit"]'), 'Login button') and kwargs: {}
2024-10-31 20:35:23,080 - DEBUG - Attempting to find element for Login button using locator: ('css selector', 'button[type="submit"]')
2024-10-31 20:35:23,110 - DEBUG - Inspecting Login button: Tag=button, Displayed=True, Enabled=True
2024-10-31 20:35:24,448 - DEBUG - Successfully clicked Login button
2024-10-31 20:35:24,462 - INFO - Login successful
2024-10-31 20:35:24,462 - DEBUG - Exiting login function
2024-10-31 20:35:29,001 - DEBUG - Navigating to https://safety.hcssapps.com/Home/Dashboard
2024-10-31 20:35:29,131 - INFO - Successfully navigated to https://safety.hcssapps.com/Home/Dashboard.
2024-10-31 20:35:29,726 - DEBUG - Navigating to https://safety.hcssapps.com/Inspection/Inspection
2024-10-31 20:35:29,767 - INFO - Successfully navigated to https://safety.hcssapps.com/Inspection/Inspection.
2024-10-31 20:35:29,768 - DEBUG - Called function: get_export with args: (<selenium.webdriver.chrome.webdriver.WebDriver (session="46cbed53d5afe2926da33721fe27ba60")>, 'inspection_summary') and kwargs: {}
2024-10-31 20:35:29,768 - INFO - Performing inspection_summary export.
2024-10-31 20:35:29,768 - DEBUG - Called function: apply_date_filter with args: (<selenium.webdriver.chrome.webdriver.WebDriver (session="46cbed53d5afe2926da33721fe27ba60")>, {'url': ('css selector', 'https://safety.hcssapps.com/Inspection/Inspection'), 'date_field': ('css selector', '#dateRangeSelect'), 'custom_option': ('css selector', 'option[value="Custom"]'), 'start_date': ('css selector', '#filterdatebeginput'), 'end_date': ('css selector', '#filterdateendinput'), 'apply_button': ('css selector', '#applyButton'), 'loader': ('css selector', '#loading'), 'first_export': ('css selector', '.dropdown'), 'second_export': ('css selector', '#btnSummaryExport'), 'selection': ('css selector', '#createSummaryExcel'), 'select_all': ('css selector', '#divSelectAll')}) and kwargs: {}
2024-10-31 20:35:29,768 - DEBUG - Called function: inspect with args: (<selenium.webdriver.chrome.webdriver.WebDriver (session="46cbed53d5afe2926da33721fe27ba60")>, ('css selector', '#dateRangeSelect'), 'date range dropdown') and kwargs: {}
2024-10-31 20:35:30,019 - DEBUG - Attempting to find element for date range dropdown using locator: ('css selector', '#dateRangeSelect')
2024-10-31 20:35:30,051 - DEBUG - Inspecting date range dropdown: Tag=select, Displayed=True, Enabled=True
2024-10-31 20:35:31,116 - ERROR - Error clicking date range dropdown: Message: element click intercepted: Element <select id="dateRangeSelect">...</select> is not clickable at point (356, 175). Other element would receive the click: <div class="pendo-backdrop-region-right _pendo-backdrop" pendo-region="right" id="pendo-backdrop-3" style="inset: 0px; z-index: 200000; position: fixed; background-color: rgba(255, 255, 255, 0.75); opacity: 1; float: none; vertical-align: baseline; display: block;"></div>
  (Session info: chrome-headless-shell=127.0.6533.119)
Stacktrace:
#0 0x6213dcdad6ca <unknown>
#1 0x6213dca7e600 <unknown>
#2 0x6213dcad48e6 <unknown>
#3 0x6213dcad27f6 <unknown>
#4 0x6213dcad0277 <unknown>
#5 0x6213dcacf11c <unknown>
#6 0x6213dcac2be6 <unknown>
#7 0x6213dcaf08a2 <unknown>
#8 0x6213dcac2599 <unknown>
#9 0x6213dcaf0a6e <unknown>
#10 0x6213dcb0f04a <unknown>
#11 0x6213dcaf0643 <unknown>
#12 0x6213dcac0d31 <unknown>
#13 0x6213dcac179e <unknown>
#14 0x6213dcd7525b <unknown>
#15 0x6213dcd791f2 <unknown>
#16 0x6213dcd62615 <unknown>
#17 0x6213dcd79d82 <unknown>
#18 0x6213dcd4725f <unknown>
#19 0x6213dcd9ce68 <unknown>
#20 0x6213dcd9d040 <unknown>
#21 0x6213dcdac49c <unknown>
#22 0x77decd867609 start_thread


*******************************************************
*                 NEW SCRIPT EXECUTION                *
*******************************************************
Execution started at: 2024-10-31 20:40:00
*******************************************************
2024-10-31 20:40:00,510 - DEBUG - This is a debug message for testing.
2024-10-31 20:40:00,510 - INFO - Starting main script
2024-10-31 20:40:00,510 - DEBUG - Deleted all screenshots in screenshots
2024-10-31 20:40:01,278 - DEBUG - Navigating to https://identity.hcssapps.com/
2024-10-31 20:40:01,286 - INFO - Successfully navigated to https://identity.hcssapps.com/.
2024-10-31 20:40:01,286 - DEBUG - Entering login function
2024-10-31 20:40:01,287 - INFO - Attempting to log in
2024-10-31 20:40:01,287 - DEBUG - Inspecting username field
2024-10-31 20:40:01,287 - DEBUG - Called function: inspect with args: (<selenium.webdriver.chrome.webdriver.WebDriver (session="932aa6a8937b54693333445cf0bc1a4d")>, ('css selector', 'input[name="username"]'), 'Username field') and kwargs: {}
2024-10-31 20:40:01,537 - DEBUG - Attempting to find element for Username field using locator: ('css selector', 'input[name="username"]')
2024-10-31 20:40:01,626 - DEBUG - Inspecting Username field: Tag=input, Displayed=False, Enabled=True
2024-10-31 20:40:01,626 - WARNING - Username field is not visible.
2024-10-31 20:40:01,627 - DEBUG - Retrying...
2024-10-31 20:40:01,877 - DEBUG - Attempting to find element for Username field using locator: ('css selector', 'input[name="username"]')
2024-10-31 20:40:01,907 - DEBUG - Inspecting Username field: Tag=input, Displayed=True, Enabled=True
2024-10-31 20:40:01,907 - DEBUG - Entering username
2024-10-31 20:40:01,998 - INFO - Username entered successfully. Time taken: 0.09 seconds
2024-10-31 20:40:01,998 - DEBUG - Clicking Next button
2024-10-31 20:40:01,998 - DEBUG - Called function: inspect with args: (<selenium.webdriver.chrome.webdriver.WebDriver (session="932aa6a8937b54693333445cf0bc1a4d")>, ('css selector', 'button.login-button[type="submit"]'), 'Next button') and kwargs: {}
2024-10-31 20:40:02,249 - DEBUG - Attempting to find element for Next button using locator: ('css selector', 'button.login-button[type="submit"]')
2024-10-31 20:40:02,279 - DEBUG - Inspecting Next button: Tag=button, Displayed=True, Enabled=True
2024-10-31 20:40:02,318 - DEBUG - Successfully clicked Next button
2024-10-31 20:40:02,318 - DEBUG - Inspecting password field
2024-10-31 20:40:02,318 - DEBUG - Called function: inspect with args: (<selenium.webdriver.chrome.webdriver.WebDriver (session="932aa6a8937b54693333445cf0bc1a4d")>, ('css selector', 'input[name="password"]'), 'Password field') and kwargs: {}
2024-10-31 20:40:02,569 - DEBUG - Attempting to find element for Password field using locator: ('css selector', 'input[name="password"]')
2024-10-31 20:40:02,603 - DEBUG - Inspecting Password field: Tag=input, Displayed=True, Enabled=True
2024-10-31 20:40:02,604 - DEBUG - Entering password
2024-10-31 20:40:02,656 - INFO - Password entered successfully. Time taken: 0.05 seconds
2024-10-31 20:40:02,656 - DEBUG - Clicking Login button
2024-10-31 20:40:02,656 - DEBUG - Called function: inspect with args: (<selenium.webdriver.chrome.webdriver.WebDriver (session="932aa6a8937b54693333445cf0bc1a4d")>, ('css selector', 'button[type="submit"]'), 'Login button') and kwargs: {}
2024-10-31 20:40:02,906 - DEBUG - Attempting to find element for Login button using locator: ('css selector', 'button[type="submit"]')
2024-10-31 20:40:02,948 - DEBUG - Inspecting Login button: Tag=button, Displayed=True, Enabled=True
2024-10-31 20:40:03,132 - DEBUG - Successfully clicked Login button
2024-10-31 20:40:03,984 - INFO - Login successful
2024-10-31 20:40:03,985 - DEBUG - Exiting login function
2024-10-31 20:40:05,335 - DEBUG - Navigating to https://safety.hcssapps.com/Home/Dashboard
2024-10-31 20:40:05,347 - INFO - Successfully navigated to https://safety.hcssapps.com/Home/Dashboard.
2024-10-31 20:40:05,928 - DEBUG - Navigating to https://safety.hcssapps.com/Inspection/Inspection
2024-10-31 20:40:05,947 - INFO - Successfully navigated to https://safety.hcssapps.com/Inspection/Inspection.
2024-10-31 20:40:05,948 - DEBUG - Called function: get_export with args: (<selenium.webdriver.chrome.webdriver.WebDriver (session="932aa6a8937b54693333445cf0bc1a4d")>, 'inspection_summary') and kwargs: {}
2024-10-31 20:40:05,948 - INFO - Performing inspection_summary export.
2024-10-31 20:40:05,948 - DEBUG - Called function: apply_date_filter with args: (<selenium.webdriver.chrome.webdriver.WebDriver (session="932aa6a8937b54693333445cf0bc1a4d")>, {'url': ('css selector', 'https://safety.hcssapps.com/Inspection/Inspection'), 'date_field': ('css selector', '#dateRangeSelect'), 'custom_option': ('css selector', 'option[value="Custom"]'), 'start_date': ('css selector', '#filterdatebeginput'), 'end_date': ('css selector', '#filterdateendinput'), 'apply_button': ('css selector', '#applyButton'), 'loader': ('css selector', '#loading'), 'first_export': ('css selector', '.dropdown'), 'second_export': ('css selector', '#btnSummaryExport'), 'selection': ('css selector', '#createSummaryExcel'), 'select_all': ('css selector', '#divSelectAll')}) and kwargs: {}
2024-10-31 20:40:05,948 - DEBUG - Called function: inspect with args: (<selenium.webdriver.chrome.webdriver.WebDriver (session="932aa6a8937b54693333445cf0bc1a4d")>, ('css selector', '#dateRangeSelect'), 'date range dropdown') and kwargs: {}
2024-10-31 20:40:06,198 - DEBUG - Attempting to find element for date range dropdown using locator: ('css selector', '#dateRangeSelect')
2024-10-31 20:40:06,233 - DEBUG - Inspecting date range dropdown: Tag=select, Displayed=True, Enabled=True
2024-10-31 20:40:07,334 - ERROR - Error clicking date range dropdown: Message: element click intercepted: Element <select id="dateRangeSelect">...</select> is not clickable at point (356, 175). Other element would receive the click: <div class="pendo-backdrop-region-right _pendo-backdrop" pendo-region="right" id="pendo-backdrop-3" style="inset: 0px; z-index: 200000; position: fixed; background-color: rgba(255, 255, 255, 0.75); opacity: 1; float: none; vertical-align: baseline; display: block;"></div>
  (Session info: chrome-headless-shell=127.0.6533.119)
Stacktrace:
#0 0x57cedf6946ca <unknown>
#1 0x57cedf365600 <unknown>
#2 0x57cedf3bb8e6 <unknown>
#3 0x57cedf3b97f6 <unknown>
#4 0x57cedf3b7277 <unknown>
#5 0x57cedf3b611c <unknown>
#6 0x57cedf3a9be6 <unknown>
#7 0x57cedf3d78a2 <unknown>
#8 0x57cedf3a9599 <unknown>
#9 0x57cedf3d7a6e <unknown>
#10 0x57cedf3f604a <unknown>
#11 0x57cedf3d7643 <unknown>
#12 0x57cedf3a7d31 <unknown>
#13 0x57cedf3a879e <unknown>
#14 0x57cedf65c25b <unknown>
#15 0x57cedf6601f2 <unknown>
#16 0x57cedf649615 <unknown>
#17 0x57cedf660d82 <unknown>
#18 0x57cedf62e25f <unknown>
#19 0x57cedf683e68 <unknown>
#20 0x57cedf684040 <unknown>
#21 0x57cedf69349c <unknown>
#22 0x789edb455609 start_thread


*******************************************************
*                 NEW SCRIPT EXECUTION                *
*******************************************************
Execution started at: 2024-10-31 20:53:52
*******************************************************
2024-10-31 20:53:52,548 - DEBUG - This is a debug message for testing.
2024-10-31 20:53:52,548 - INFO - Starting main script
2024-10-31 20:53:52,548 - DEBUG - Deleted all screenshots in screenshots
2024-10-31 20:53:53,234 - DEBUG - Navigating to https://identity.hcssapps.com/
2024-10-31 20:53:53,247 - INFO - Successfully navigated to https://identity.hcssapps.com/.
2024-10-31 20:53:53,248 - DEBUG - Entering login function
2024-10-31 20:53:53,248 - INFO - Attempting to log in
2024-10-31 20:53:53,248 - DEBUG - Inspecting username field
2024-10-31 20:53:53,248 - DEBUG - Called function: inspect with args: (<selenium.webdriver.chrome.webdriver.WebDriver (session="c1f45e34cb35681931974c06bafb396d")>, ('css selector', 'input[name="username"]'), 'Username field') and kwargs: {}
2024-10-31 20:53:53,499 - DEBUG - Attempting to find element for Username field using locator: ('css selector', 'input[name="username"]')
2024-10-31 20:53:53,536 - DEBUG - Inspecting Username field: Tag=input, Displayed=False, Enabled=True
2024-10-31 20:53:53,536 - WARNING - Username field is not visible.
2024-10-31 20:53:53,537 - DEBUG - Retrying...
2024-10-31 20:53:53,787 - DEBUG - Attempting to find element for Username field using locator: ('css selector', 'input[name="username"]')
2024-10-31 20:53:53,819 - DEBUG - Inspecting Username field: Tag=input, Displayed=True, Enabled=True
2024-10-31 20:53:53,819 - DEBUG - Entering username
2024-10-31 20:53:53,903 - INFO - Username entered successfully. Time taken: 0.08 seconds
2024-10-31 20:53:53,903 - DEBUG - Clicking Next button
2024-10-31 20:53:53,904 - DEBUG - Called function: inspect with args: (<selenium.webdriver.chrome.webdriver.WebDriver (session="c1f45e34cb35681931974c06bafb396d")>, ('css selector', 'button.login-button[type="submit"]'), 'Next button') and kwargs: {}
2024-10-31 20:53:54,154 - DEBUG - Attempting to find element for Next button using locator: ('css selector', 'button.login-button[type="submit"]')
2024-10-31 20:53:54,197 - DEBUG - Inspecting Next button: Tag=button, Displayed=True, Enabled=True
2024-10-31 20:53:54,238 - DEBUG - Successfully clicked Next button
2024-10-31 20:53:54,238 - DEBUG - Inspecting password field
2024-10-31 20:53:54,238 - DEBUG - Called function: inspect with args: (<selenium.webdriver.chrome.webdriver.WebDriver (session="c1f45e34cb35681931974c06bafb396d")>, ('css selector', 'input[name="password"]'), 'Password field') and kwargs: {}
2024-10-31 20:53:54,488 - DEBUG - Attempting to find element for Password field using locator: ('css selector', 'input[name="password"]')
2024-10-31 20:53:54,518 - DEBUG - Inspecting Password field: Tag=input, Displayed=True, Enabled=True
2024-10-31 20:53:54,518 - DEBUG - Entering password
2024-10-31 20:53:54,567 - INFO - Password entered successfully. Time taken: 0.05 seconds
2024-10-31 20:53:54,567 - DEBUG - Clicking Login button
2024-10-31 20:53:54,567 - DEBUG - Called function: inspect with args: (<selenium.webdriver.chrome.webdriver.WebDriver (session="c1f45e34cb35681931974c06bafb396d")>, ('css selector', 'button[type="submit"]'), 'Login button') and kwargs: {}
2024-10-31 20:53:54,817 - DEBUG - Attempting to find element for Login button using locator: ('css selector', 'button[type="submit"]')
2024-10-31 20:53:54,851 - DEBUG - Inspecting Login button: Tag=button, Displayed=True, Enabled=True
2024-10-31 20:53:56,132 - DEBUG - Successfully clicked Login button
2024-10-31 20:53:56,163 - INFO - Login successful
2024-10-31 20:53:56,163 - DEBUG - Exiting login function
2024-10-31 20:54:01,015 - DEBUG - Navigating to https://safety.hcssapps.com/Home/Dashboard
2024-10-31 20:54:01,205 - INFO - Successfully navigated to https://safety.hcssapps.com/Home/Dashboard.
2024-10-31 20:54:01,566 - DEBUG - Navigating to https://safety.hcssapps.com/Inspection/Inspection
2024-10-31 20:54:01,606 - INFO - Successfully navigated to https://safety.hcssapps.com/Inspection/Inspection.
2024-10-31 20:54:01,607 - DEBUG - Called function: get_export with args: (<selenium.webdriver.chrome.webdriver.WebDriver (session="c1f45e34cb35681931974c06bafb396d")>, 'inspection_summary') and kwargs: {}
2024-10-31 20:54:01,607 - INFO - Performing inspection_summary export.
2024-10-31 20:54:01,607 - DEBUG - Called function: apply_date_filter with args: (<selenium.webdriver.chrome.webdriver.WebDriver (session="c1f45e34cb35681931974c06bafb396d")>, {'url': ('css selector', 'https://safety.hcssapps.com/Inspection/Inspection'), 'date_field': ('css selector', '#dateRangeSelect'), 'custom_option': ('css selector', 'option[value="Custom"]'), 'start_date': ('css selector', '#filterdatebeginput'), 'end_date': ('css selector', '#filterdateendinput'), 'apply_button': ('css selector', '#applyButton'), 'loader': ('css selector', '#loading'), 'first_export': ('css selector', '.dropdown'), 'second_export': ('css selector', '#btnSummaryExport'), 'selection': ('css selector', '#createSummaryExcel'), 'select_all': ('css selector', '#divSelectAll')}) and kwargs: {}
2024-10-31 20:54:01,608 - DEBUG - Called function: inspect with args: (<selenium.webdriver.chrome.webdriver.WebDriver (session="c1f45e34cb35681931974c06bafb396d")>, ('css selector', '#dateRangeSelect'), 'date range dropdown') and kwargs: {}
2024-10-31 20:54:01,858 - DEBUG - Attempting to find element for date range dropdown using locator: ('css selector', '#dateRangeSelect')
2024-10-31 20:54:01,892 - DEBUG - Inspecting date range dropdown: Tag=select, Displayed=True, Enabled=True
2024-10-31 20:54:01,997 - DEBUG - Successfully clicked date range dropdown
2024-10-31 20:54:01,997 - DEBUG - Date range dropdown clicked.
2024-10-31 20:54:01,997 - DEBUG - Called function: inspect with args: (<selenium.webdriver.chrome.webdriver.WebDriver (session="c1f45e34cb35681931974c06bafb396d")>, ('css selector', 'option[value="Custom"]'), 'Custom date option') and kwargs: {}
2024-10-31 20:54:02,248 - DEBUG - Attempting to find element for Custom date option using locator: ('css selector', 'option[value="Custom"]')
2024-10-31 20:54:02,279 - DEBUG - Inspecting Custom date option: Tag=option, Displayed=True, Enabled=True
2024-10-31 20:54:02,309 - DEBUG - Successfully clicked Custom date option
2024-10-31 20:54:02,309 - DEBUG - Selected 'Custom' date range.
2024-10-31 20:54:02,414 - INFO - Start date set to: 10/30/2024
2024-10-31 20:54:02,512 - INFO - End date set to: 10/31/2024
2024-10-31 20:54:02,513 - DEBUG - Called function: inspect with args: (<selenium.webdriver.chrome.webdriver.WebDriver (session="c1f45e34cb35681931974c06bafb396d")>, ('css selector', '#applyButton'), 'filter button') and kwargs: {}
2024-10-31 20:54:02,763 - DEBUG - Attempting to find element for filter button using locator: ('css selector', '#applyButton')
2024-10-31 20:54:02,794 - DEBUG - Inspecting filter button: Tag=button, Displayed=True, Enabled=True
2024-10-31 20:54:02,846 - DEBUG - Successfully clicked filter button
2024-10-31 20:54:02,846 - INFO - Date filter applied successfully.
2024-10-31 20:54:13,130 - WARNING - Timeout waiting for loader to disappear.
2024-10-31 20:54:13,130 - DEBUG - Called function: export_data with args: (<selenium.webdriver.chrome.webdriver.WebDriver (session="c1f45e34cb35681931974c06bafb396d")>, {'url': ('css selector', 'https://safety.hcssapps.com/Inspection/Inspection'), 'date_field': ('css selector', '#dateRangeSelect'), 'custom_option': ('css selector', 'option[value="Custom"]'), 'start_date': ('css selector', '#filterdatebeginput'), 'end_date': ('css selector', '#filterdateendinput'), 'apply_button': ('css selector', '#applyButton'), 'loader': ('css selector', '#loading'), 'first_export': ('css selector', '.dropdown'), 'second_export': ('css selector', '#btnSummaryExport'), 'selection': ('css selector', '#createSummaryExcel'), 'select_all': ('css selector', '#divSelectAll')}) and kwargs: {}
2024-10-31 20:54:13,131 - DEBUG - Exporting data for {'url': ('css selector', 'https://safety.hcssapps.com/Inspection/Inspection'), 'date_field': ('css selector', '#dateRangeSelect'), 'custom_option': ('css selector', 'option[value="Custom"]'), 'start_date': ('css selector', '#filterdatebeginput'), 'end_date': ('css selector', '#filterdateendinput'), 'apply_button': ('css selector', '#applyButton'), 'loader': ('css selector', '#loading'), 'first_export': ('css selector', '.dropdown'), 'second_export': ('css selector', '#btnSummaryExport'), 'selection': ('css selector', '#createSummaryExcel'), 'select_all': ('css selector', '#divSelectAll')}
2024-10-31 20:54:13,131 - DEBUG - Clicking first export button to select export type.
2024-10-31 20:54:13,131 - DEBUG - Called function: handle_error with args: (<selenium.webdriver.chrome.webdriver.WebDriver (session="c1f45e34cb35681931974c06bafb396d")>, 'main_script', KeyError('export_buttons'), 'An unexpected error occurred') and kwargs: {}
2024-10-31 20:54:13,247 - INFO - Screenshot taken: screenshots/001_main_script_20241031_205413.png
2024-10-31 20:54:13,247 - ERROR - An unexpected error occurred Error in main_script: 'export_buttons'
2024-10-31 20:54:13,363 - INFO - Screenshot taken: screenshots/002_error_occurred_20241031_205413.png
2024-10-31 20:54:13,366 - DEBUG - Current URL: https://safety.hcssapps.com/Inspection/Inspection
